[0.898s] DEBUG:colcon:Command line arguments: ['/usr/bin/colcon', 'build']
[0.898s] DEBUG:colcon:Parsed command line arguments: Namespace(log_base=None, log_level=None, verb_name='build', build_base='build', install_base='install', merge_install=False, symlink_install=False, test_result_base=None, continue_on_error=False, executor='parallel', parallel_workers=12, event_handlers=None, ignore_user_meta=False, metas=['./colcon.meta'], base_paths=['.'], packages_ignore=None, packages_ignore_regex=None, paths=None, packages_up_to=None, packages_up_to_regex=None, packages_above=None, packages_above_and_dependencies=None, packages_above_depth=None, packages_select_by_dep=None, packages_skip_by_dep=None, packages_skip_up_to=None, packages_select_build_failed=False, packages_skip_build_finished=False, packages_select_test_failures=False, packages_skip_test_passed=False, packages_select=None, packages_skip=None, packages_select_regex=None, packages_skip_regex=None, packages_start=None, packages_end=None, allow_overriding=[], cmake_args=None, cmake_target=None, cmake_target_skip_unavailable=False, cmake_clean_cache=False, cmake_clean_first=False, cmake_force_configure=False, ament_cmake_args=None, catkin_cmake_args=None, catkin_skip_building_tests=False, verb_parser=<colcon_defaults.argument_parser.defaults.DefaultArgumentsDecorator object at 0x7f29dc155b10>, verb_extension=<colcon_core.verb.build.BuildVerb object at 0x7f29dc5bbca0>, main=<bound method BuildVerb.main of <colcon_core.verb.build.BuildVerb object at 0x7f29dc5bbca0>>)
[0.940s] Level 1:colcon.colcon_core.package_discovery:discover_packages(colcon_meta) check parameters
[0.940s] Level 1:colcon.colcon_core.package_discovery:discover_packages(recursive) check parameters
[0.940s] Level 1:colcon.colcon_core.package_discovery:discover_packages(ignore) check parameters
[0.940s] Level 1:colcon.colcon_core.package_discovery:discover_packages(path) check parameters
[0.940s] Level 1:colcon.colcon_core.package_discovery:discover_packages(colcon_meta) discover
[0.940s] Level 1:colcon.colcon_core.package_discovery:discover_packages(recursive) discover
[0.940s] INFO:colcon.colcon_core.package_discovery:Crawling recursively for packages in '/home/aizzat2204/ros2_class_ws/src/urdf_class_draizzat'
[0.940s] Level 1:colcon.colcon_core.package_identification:_identify(.) by extensions ['ignore', 'ignore_ament_install']
[0.940s] Level 1:colcon.colcon_core.package_identification:_identify(.) by extension 'ignore'
[0.940s] Level 1:colcon.colcon_core.package_identification:_identify(.) by extension 'ignore_ament_install'
[0.940s] Level 1:colcon.colcon_core.package_identification:_identify(.) by extensions ['colcon_pkg']
[0.940s] Level 1:colcon.colcon_core.package_identification:_identify(.) by extension 'colcon_pkg'
[0.941s] Level 1:colcon.colcon_core.package_identification:_identify(.) by extensions ['colcon_meta']
[0.941s] Level 1:colcon.colcon_core.package_identification:_identify(.) by extension 'colcon_meta'
[0.941s] Level 1:colcon.colcon_core.package_identification:_identify(.) by extensions ['ros']
[0.941s] Level 1:colcon.colcon_core.package_identification:_identify(.) by extension 'ros'
[0.952s] DEBUG:colcon.colcon_core.package_identification:Package '.' with type 'ros.ament_cmake' and name 'urdf_class_draizzat'
[0.952s] Level 1:colcon.colcon_core.package_discovery:discover_packages(recursive) using defaults
[0.952s] Level 1:colcon.colcon_core.package_discovery:discover_packages(ignore) discover
[0.952s] Level 1:colcon.colcon_core.package_discovery:discover_packages(ignore) using defaults
[0.952s] Level 1:colcon.colcon_core.package_discovery:discover_packages(path) discover
[0.952s] Level 1:colcon.colcon_core.package_discovery:discover_packages(path) using defaults
[1.034s] Level 1:colcon.colcon_core.package_discovery:discover_packages(prefix_path) check parameters
[1.034s] Level 1:colcon.colcon_core.package_discovery:discover_packages(prefix_path) discover
[1.062s] DEBUG:colcon.colcon_installed_package_information.package_discovery:Found 15 installed packages in /home/aizzat2204/turtlebot3_ws/install
[1.076s] DEBUG:colcon.colcon_installed_package_information.package_discovery:Found 9 installed packages in /home/aizzat2204/ros2_ws/install
[1.089s] DEBUG:colcon.colcon_installed_package_information.package_discovery:Found 1 installed packages in /home/aizzat2204/ros2_class_ws/install
[1.103s] DEBUG:colcon.colcon_installed_package_information.package_discovery:Found 380 installed packages in /opt/ros/humble
[1.104s] Level 1:colcon.colcon_core.package_discovery:discover_packages(prefix_path) using defaults
[1.212s] Level 5:colcon.colcon_core.verb:set package 'urdf_class_draizzat' build argument 'cmake_args' from command line to 'None'
[1.212s] Level 5:colcon.colcon_core.verb:set package 'urdf_class_draizzat' build argument 'cmake_target' from command line to 'None'
[1.212s] Level 5:colcon.colcon_core.verb:set package 'urdf_class_draizzat' build argument 'cmake_target_skip_unavailable' from command line to 'False'
[1.212s] Level 5:colcon.colcon_core.verb:set package 'urdf_class_draizzat' build argument 'cmake_clean_cache' from command line to 'False'
[1.212s] Level 5:colcon.colcon_core.verb:set package 'urdf_class_draizzat' build argument 'cmake_clean_first' from command line to 'False'
[1.212s] Level 5:colcon.colcon_core.verb:set package 'urdf_class_draizzat' build argument 'cmake_force_configure' from command line to 'False'
[1.212s] Level 5:colcon.colcon_core.verb:set package 'urdf_class_draizzat' build argument 'ament_cmake_args' from command line to 'None'
[1.212s] Level 5:colcon.colcon_core.verb:set package 'urdf_class_draizzat' build argument 'catkin_cmake_args' from command line to 'None'
[1.212s] Level 5:colcon.colcon_core.verb:set package 'urdf_class_draizzat' build argument 'catkin_skip_building_tests' from command line to 'False'
[1.212s] DEBUG:colcon.colcon_core.verb:Building package 'urdf_class_draizzat' with the following arguments: {'ament_cmake_args': None, 'build_base': '/home/aizzat2204/ros2_class_ws/src/urdf_class_draizzat/build/urdf_class_draizzat', 'catkin_cmake_args': None, 'catkin_skip_building_tests': False, 'cmake_args': None, 'cmake_clean_cache': False, 'cmake_clean_first': False, 'cmake_force_configure': False, 'cmake_target': None, 'cmake_target_skip_unavailable': False, 'install_base': '/home/aizzat2204/ros2_class_ws/src/urdf_class_draizzat/install/urdf_class_draizzat', 'merge_install': False, 'path': '/home/aizzat2204/ros2_class_ws/src/urdf_class_draizzat', 'symlink_install': False, 'test_result_base': None}
[1.226s] INFO:colcon.colcon_core.executor:Executing jobs using 'parallel' executor
[1.240s] DEBUG:colcon.colcon_parallel_executor.executor.parallel:run_until_complete
[1.240s] INFO:colcon.colcon_ros.task.ament_cmake.build:Building ROS package in '/home/aizzat2204/ros2_class_ws/src/urdf_class_draizzat' with build type 'ament_cmake'
[1.240s] INFO:colcon.colcon_cmake.task.cmake.build:Building CMake package in '/home/aizzat2204/ros2_class_ws/src/urdf_class_draizzat'
[1.255s] INFO:colcon.colcon_core.plugin_system:Skipping extension 'colcon_core.shell.bat': Not used on non-Windows systems
[1.255s] INFO:colcon.colcon_core.shell:Skip shell extension 'powershell' for command environment: Not usable outside of PowerShell
[1.255s] DEBUG:colcon.colcon_core.shell:Skip shell extension 'dsv' for command environment
[1.330s] DEBUG:colcon.colcon_core.event_handler.log_command:Invoking command in '/home/aizzat2204/ros2_class_ws/src/urdf_class_draizzat/build/urdf_class_draizzat': CMAKE_PREFIX_PATH=${CMAKE_PREFIX_PATH}:/home/aizzat2204/turtlebot3_ws/install/turtlebot3_teleop:/home/aizzat2204/turtlebot3_ws/install/turtlebot3_example:/opt/ros/humble /usr/bin/cmake /home/aizzat2204/ros2_class_ws/src/urdf_class_draizzat -DCMAKE_INSTALL_PREFIX=/home/aizzat2204/ros2_class_ws/src/urdf_class_draizzat/install/urdf_class_draizzat
[1.958s] DEBUG:colcon.colcon_core.event_handler.log_command:Invoked command in '/home/aizzat2204/ros2_class_ws/src/urdf_class_draizzat/build/urdf_class_draizzat' returned '0': CMAKE_PREFIX_PATH=${CMAKE_PREFIX_PATH}:/home/aizzat2204/turtlebot3_ws/install/turtlebot3_teleop:/home/aizzat2204/turtlebot3_ws/install/turtlebot3_example:/opt/ros/humble /usr/bin/cmake /home/aizzat2204/ros2_class_ws/src/urdf_class_draizzat -DCMAKE_INSTALL_PREFIX=/home/aizzat2204/ros2_class_ws/src/urdf_class_draizzat/install/urdf_class_draizzat
[1.959s] DEBUG:colcon.colcon_core.event_handler.log_command:Invoking command in '/home/aizzat2204/ros2_class_ws/src/urdf_class_draizzat/build/urdf_class_draizzat': CMAKE_PREFIX_PATH=${CMAKE_PREFIX_PATH}:/home/aizzat2204/turtlebot3_ws/install/turtlebot3_teleop:/home/aizzat2204/turtlebot3_ws/install/turtlebot3_example:/opt/ros/humble /usr/bin/cmake --build /home/aizzat2204/ros2_class_ws/src/urdf_class_draizzat/build/urdf_class_draizzat -- -j12 -l12
[1.991s] DEBUG:colcon.colcon_core.event_handler.log_command:Invoked command in '/home/aizzat2204/ros2_class_ws/src/urdf_class_draizzat/build/urdf_class_draizzat' returned '0': CMAKE_PREFIX_PATH=${CMAKE_PREFIX_PATH}:/home/aizzat2204/turtlebot3_ws/install/turtlebot3_teleop:/home/aizzat2204/turtlebot3_ws/install/turtlebot3_example:/opt/ros/humble /usr/bin/cmake --build /home/aizzat2204/ros2_class_ws/src/urdf_class_draizzat/build/urdf_class_draizzat -- -j12 -l12
[2.017s] DEBUG:colcon.colcon_core.event_handler.log_command:Invoking command in '/home/aizzat2204/ros2_class_ws/src/urdf_class_draizzat/build/urdf_class_draizzat': CMAKE_PREFIX_PATH=${CMAKE_PREFIX_PATH}:/home/aizzat2204/turtlebot3_ws/install/turtlebot3_teleop:/home/aizzat2204/turtlebot3_ws/install/turtlebot3_example:/opt/ros/humble /usr/bin/cmake --install /home/aizzat2204/ros2_class_ws/src/urdf_class_draizzat/build/urdf_class_draizzat
[2.029s] Level 1:colcon.colcon_core.environment:create_environment_scripts_only(urdf_class_draizzat)
[2.030s] DEBUG:colcon.colcon_core.event_handler.log_command:Invoked command in '/home/aizzat2204/ros2_class_ws/src/urdf_class_draizzat/build/urdf_class_draizzat' returned '0': CMAKE_PREFIX_PATH=${CMAKE_PREFIX_PATH}:/home/aizzat2204/turtlebot3_ws/install/turtlebot3_teleop:/home/aizzat2204/turtlebot3_ws/install/turtlebot3_example:/opt/ros/humble /usr/bin/cmake --install /home/aizzat2204/ros2_class_ws/src/urdf_class_draizzat/build/urdf_class_draizzat
[2.046s] Level 1:colcon.colcon_core.environment:checking '/home/aizzat2204/ros2_class_ws/src/urdf_class_draizzat/install/urdf_class_draizzat' for CMake module files
[2.047s] Level 1:colcon.colcon_core.environment:checking '/home/aizzat2204/ros2_class_ws/src/urdf_class_draizzat/install/urdf_class_draizzat' for CMake config files
[2.047s] Level 1:colcon.colcon_core.shell:create_environment_hook('urdf_class_draizzat', 'cmake_prefix_path')
[2.060s] INFO:colcon.colcon_core.shell:Creating environment hook '/home/aizzat2204/ros2_class_ws/src/urdf_class_draizzat/install/urdf_class_draizzat/share/urdf_class_draizzat/hook/cmake_prefix_path.ps1'
[2.061s] INFO:colcon.colcon_core.shell:Creating environment descriptor '/home/aizzat2204/ros2_class_ws/src/urdf_class_draizzat/install/urdf_class_draizzat/share/urdf_class_draizzat/hook/cmake_prefix_path.dsv'
[2.061s] INFO:colcon.colcon_core.shell:Creating environment hook '/home/aizzat2204/ros2_class_ws/src/urdf_class_draizzat/install/urdf_class_draizzat/share/urdf_class_draizzat/hook/cmake_prefix_path.sh'
[2.062s] Level 1:colcon.colcon_core.environment:checking '/home/aizzat2204/ros2_class_ws/src/urdf_class_draizzat/install/urdf_class_draizzat/bin'
[2.062s] Level 1:colcon.colcon_core.environment:checking '/home/aizzat2204/ros2_class_ws/src/urdf_class_draizzat/install/urdf_class_draizzat/lib/pkgconfig/urdf_class_draizzat.pc'
[2.062s] Level 1:colcon.colcon_core.environment:checking '/home/aizzat2204/ros2_class_ws/src/urdf_class_draizzat/install/urdf_class_draizzat/lib/python3.10/site-packages'
[2.062s] Level 1:colcon.colcon_core.environment:checking '/home/aizzat2204/ros2_class_ws/src/urdf_class_draizzat/install/urdf_class_draizzat/bin'
[2.076s] INFO:colcon.colcon_core.shell:Creating package script '/home/aizzat2204/ros2_class_ws/src/urdf_class_draizzat/install/urdf_class_draizzat/share/urdf_class_draizzat/package.ps1'
[2.076s] INFO:colcon.colcon_core.shell:Creating package descriptor '/home/aizzat2204/ros2_class_ws/src/urdf_class_draizzat/install/urdf_class_draizzat/share/urdf_class_draizzat/package.dsv'
[2.077s] INFO:colcon.colcon_core.shell:Creating package script '/home/aizzat2204/ros2_class_ws/src/urdf_class_draizzat/install/urdf_class_draizzat/share/urdf_class_draizzat/package.sh'
[2.077s] INFO:colcon.colcon_core.shell:Creating package script '/home/aizzat2204/ros2_class_ws/src/urdf_class_draizzat/install/urdf_class_draizzat/share/urdf_class_draizzat/package.bash'
[2.078s] INFO:colcon.colcon_core.shell:Creating package script '/home/aizzat2204/ros2_class_ws/src/urdf_class_draizzat/install/urdf_class_draizzat/share/urdf_class_draizzat/package.zsh'
[2.078s] Level 1:colcon.colcon_core.environment:create_file_with_runtime_dependencies(/home/aizzat2204/ros2_class_ws/src/urdf_class_draizzat/install/urdf_class_draizzat/share/colcon-core/packages/urdf_class_draizzat)
[2.111s] Level 1:colcon.colcon_core.environment:create_environment_scripts_only(urdf_class_draizzat)
[2.125s] Level 1:colcon.colcon_core.environment:checking '/home/aizzat2204/ros2_class_ws/src/urdf_class_draizzat/install/urdf_class_draizzat' for CMake module files
[2.125s] Level 1:colcon.colcon_core.environment:checking '/home/aizzat2204/ros2_class_ws/src/urdf_class_draizzat/install/urdf_class_draizzat' for CMake config files
[2.125s] Level 1:colcon.colcon_core.shell:create_environment_hook('urdf_class_draizzat', 'cmake_prefix_path')
[2.139s] INFO:colcon.colcon_core.shell:Creating environment hook '/home/aizzat2204/ros2_class_ws/src/urdf_class_draizzat/install/urdf_class_draizzat/share/urdf_class_draizzat/hook/cmake_prefix_path.ps1'
[2.140s] INFO:colcon.colcon_core.shell:Creating environment descriptor '/home/aizzat2204/ros2_class_ws/src/urdf_class_draizzat/install/urdf_class_draizzat/share/urdf_class_draizzat/hook/cmake_prefix_path.dsv'
[2.140s] INFO:colcon.colcon_core.shell:Creating environment hook '/home/aizzat2204/ros2_class_ws/src/urdf_class_draizzat/install/urdf_class_draizzat/share/urdf_class_draizzat/hook/cmake_prefix_path.sh'
[2.140s] Level 1:colcon.colcon_core.environment:checking '/home/aizzat2204/ros2_class_ws/src/urdf_class_draizzat/install/urdf_class_draizzat/bin'
[2.140s] Level 1:colcon.colcon_core.environment:checking '/home/aizzat2204/ros2_class_ws/src/urdf_class_draizzat/install/urdf_class_draizzat/lib/pkgconfig/urdf_class_draizzat.pc'
[2.141s] Level 1:colcon.colcon_core.environment:checking '/home/aizzat2204/ros2_class_ws/src/urdf_class_draizzat/install/urdf_class_draizzat/lib/python3.10/site-packages'
[2.141s] Level 1:colcon.colcon_core.environment:checking '/home/aizzat2204/ros2_class_ws/src/urdf_class_draizzat/install/urdf_class_draizzat/bin'
[2.155s] INFO:colcon.colcon_core.shell:Creating package script '/home/aizzat2204/ros2_class_ws/src/urdf_class_draizzat/install/urdf_class_draizzat/share/urdf_class_draizzat/package.ps1'
[2.155s] INFO:colcon.colcon_core.shell:Creating package descriptor '/home/aizzat2204/ros2_class_ws/src/urdf_class_draizzat/install/urdf_class_draizzat/share/urdf_class_draizzat/package.dsv'
[2.156s] INFO:colcon.colcon_core.shell:Creating package script '/home/aizzat2204/ros2_class_ws/src/urdf_class_draizzat/install/urdf_class_draizzat/share/urdf_class_draizzat/package.sh'
[2.156s] INFO:colcon.colcon_core.shell:Creating package script '/home/aizzat2204/ros2_class_ws/src/urdf_class_draizzat/install/urdf_class_draizzat/share/urdf_class_draizzat/package.bash'
[2.156s] INFO:colcon.colcon_core.shell:Creating package script '/home/aizzat2204/ros2_class_ws/src/urdf_class_draizzat/install/urdf_class_draizzat/share/urdf_class_draizzat/package.zsh'
[2.157s] Level 1:colcon.colcon_core.environment:create_file_with_runtime_dependencies(/home/aizzat2204/ros2_class_ws/src/urdf_class_draizzat/install/urdf_class_draizzat/share/colcon-core/packages/urdf_class_draizzat)
[2.157s] DEBUG:colcon.colcon_parallel_executor.executor.parallel:closing loop
[2.157s] DEBUG:colcon.colcon_parallel_executor.executor.parallel:loop closed
[2.157s] DEBUG:colcon.colcon_parallel_executor.executor.parallel:run_until_complete finished with '0'
[2.157s] DEBUG:colcon.colcon_core.event_reactor:joining thread
[2.177s] INFO:colcon.colcon_core.plugin_system:Skipping extension 'colcon_notification.desktop_notification.terminal_notifier': Not used on non-Darwin systems
[2.178s] INFO:colcon.colcon_core.plugin_system:Skipping extension 'colcon_notification.desktop_notification.win32': Not used on non-Windows systems
[2.178s] INFO:colcon.colcon_notification.desktop_notification:Sending desktop notification using 'notify2'
[2.188s] DEBUG:colcon.colcon_core.event_reactor:joined thread
[2.203s] INFO:colcon.colcon_core.shell:Creating prefix script '/home/aizzat2204/ros2_class_ws/src/urdf_class_draizzat/install/local_setup.ps1'
[2.204s] INFO:colcon.colcon_core.shell:Creating prefix util module '/home/aizzat2204/ros2_class_ws/src/urdf_class_draizzat/install/_local_setup_util_ps1.py'
[2.205s] INFO:colcon.colcon_core.shell:Creating prefix chain script '/home/aizzat2204/ros2_class_ws/src/urdf_class_draizzat/install/setup.ps1'
[2.222s] INFO:colcon.colcon_core.shell:Creating prefix script '/home/aizzat2204/ros2_class_ws/src/urdf_class_draizzat/install/local_setup.sh'
[2.222s] INFO:colcon.colcon_core.shell:Creating prefix util module '/home/aizzat2204/ros2_class_ws/src/urdf_class_draizzat/install/_local_setup_util_sh.py'
[2.222s] INFO:colcon.colcon_core.shell:Creating prefix chain script '/home/aizzat2204/ros2_class_ws/src/urdf_class_draizzat/install/setup.sh'
[2.238s] INFO:colcon.colcon_core.shell:Creating prefix script '/home/aizzat2204/ros2_class_ws/src/urdf_class_draizzat/install/local_setup.bash'
[2.238s] INFO:colcon.colcon_core.shell:Creating prefix chain script '/home/aizzat2204/ros2_class_ws/src/urdf_class_draizzat/install/setup.bash'
[2.253s] INFO:colcon.colcon_core.shell:Creating prefix script '/home/aizzat2204/ros2_class_ws/src/urdf_class_draizzat/install/local_setup.zsh'
[2.254s] INFO:colcon.colcon_core.shell:Creating prefix chain script '/home/aizzat2204/ros2_class_ws/src/urdf_class_draizzat/install/setup.zsh'
