-- Install configuration: ""
-- Up-to-date: /home/aizzat2204/ros2_class_ws/src/urdf_class_draizzat/install/urdf_class_draizzat/share/ament_index/resource_index/package_run_dependencies/urdf_class_draizzat
-- Up-to-date: /home/aizzat2204/ros2_class_ws/src/urdf_class_draizzat/install/urdf_class_draizzat/share/ament_index/resource_index/parent_prefix_path/urdf_class_draizzat
-- Up-to-date: /home/aizzat2204/ros2_class_ws/src/urdf_class_draizzat/install/urdf_class_draizzat/share/urdf_class_draizzat/environment/ament_prefix_path.sh
-- Up-to-date: /home/aizzat2204/ros2_class_ws/src/urdf_class_draizzat/install/urdf_class_draizzat/share/urdf_class_draizzat/environment/ament_prefix_path.dsv
-- Up-to-date: /home/aizzat2204/ros2_class_ws/src/urdf_class_draizzat/install/urdf_class_draizzat/share/urdf_class_draizzat/environment/path.sh
-- Up-to-date: /home/aizzat2204/ros2_class_ws/src/urdf_class_draizzat/install/urdf_class_draizzat/share/urdf_class_draizzat/environment/path.dsv
-- Up-to-date: /home/aizzat2204/ros2_class_ws/src/urdf_class_draizzat/install/urdf_class_draizzat/share/urdf_class_draizzat/local_setup.bash
-- Up-to-date: /home/aizzat2204/ros2_class_ws/src/urdf_class_draizzat/install/urdf_class_draizzat/share/urdf_class_draizzat/local_setup.sh
-- Up-to-date: /home/aizzat2204/ros2_class_ws/src/urdf_class_draizzat/install/urdf_class_draizzat/share/urdf_class_draizzat/local_setup.zsh
-- Up-to-date: /home/aizzat2204/ros2_class_ws/src/urdf_class_draizzat/install/urdf_class_draizzat/share/urdf_class_draizzat/local_setup.dsv
-- Up-to-date: /home/aizzat2204/ros2_class_ws/src/urdf_class_draizzat/install/urdf_class_draizzat/share/urdf_class_draizzat/package.dsv
-- Up-to-date: /home/aizzat2204/ros2_class_ws/src/urdf_class_draizzat/install/urdf_class_draizzat/share/ament_index/resource_index/packages/urdf_class_draizzat
-- Up-to-date: /home/aizzat2204/ros2_class_ws/src/urdf_class_draizzat/install/urdf_class_draizzat/share/urdf_class_draizzat/cmake/urdf_class_draizzatConfig.cmake
-- Up-to-date: /home/aizzat2204/ros2_class_ws/src/urdf_class_draizzat/install/urdf_class_draizzat/share/urdf_class_draizzat/cmake/urdf_class_draizzatConfig-version.cmake
-- Up-to-date: /home/aizzat2204/ros2_class_ws/src/urdf_class_draizzat/install/urdf_class_draizzat/share/urdf_class_draizzat/package.xml
-- Up-to-date: /home/aizzat2204/ros2_class_ws/src/urdf_class_draizzat/install/urdf_class_draizzat/share/urdf_class_draizzat/launch
-- Up-to-date: /home/aizzat2204/ros2_class_ws/src/urdf_class_draizzat/install/urdf_class_draizzat/share/urdf_class_draizzat/launch/rviz.gazebo.launch.py
-- Up-to-date: /home/aizzat2204/ros2_class_ws/src/urdf_class_draizzat/install/urdf_class_draizzat/share/urdf_class_draizzat/launch/__pycache__
-- Up-to-date: /home/aizzat2204/ros2_class_ws/src/urdf_class_draizzat/install/urdf_class_draizzat/share/urdf_class_draizzat/launch/__pycache__/display.launch.cpython-310.pyc
-- Up-to-date: /home/aizzat2204/ros2_class_ws/src/urdf_class_draizzat/install/urdf_class_draizzat/share/urdf_class_draizzat/launch/display.launch.py
-- Up-to-date: /home/aizzat2204/ros2_class_ws/src/urdf_class_draizzat/install/urdf_class_draizzat/share/urdf_class_draizzat/rviz
-- Up-to-date: /home/aizzat2204/ros2_class_ws/src/urdf_class_draizzat/install/urdf_class_draizzat/share/urdf_class_draizzat/rviz/urdf.rviz
-- Up-to-date: /home/aizzat2204/ros2_class_ws/src/urdf_class_draizzat/install/urdf_class_draizzat/share/urdf_class_draizzat/urdf
-- Up-to-date: /home/aizzat2204/ros2_class_ws/src/urdf_class_draizzat/install/urdf_class_draizzat/share/urdf_class_draizzat/urdf/07-physics.urdf
-- Up-to-date: /home/aizzat2204/ros2_class_ws/src/urdf_class_draizzat/install/urdf_class_draizzat/share/urdf_class_draizzat/urdf/02-multipleshapes.urdf
-- Up-to-date: /home/aizzat2204/ros2_class_ws/src/urdf_class_draizzat/install/urdf_class_draizzat/share/urdf_class_draizzat/urdf/04-materials.urdf
-- Up-to-date: /home/aizzat2204/ros2_class_ws/src/urdf_class_draizzat/install/urdf_class_draizzat/share/urdf_class_draizzat/urdf/01-myfirst.urdf
-- Up-to-date: /home/aizzat2204/ros2_class_ws/src/urdf_class_draizzat/install/urdf_class_draizzat/share/urdf_class_draizzat/urdf/05-visual.urdf
-- Up-to-date: /home/aizzat2204/ros2_class_ws/src/urdf_class_draizzat/install/urdf_class_draizzat/share/urdf_class_draizzat/urdf/03-origins.urdf
-- Up-to-date: /home/aizzat2204/ros2_class_ws/src/urdf_class_draizzat/install/urdf_class_draizzat/share/urdf_class_draizzat/urdf/06-flexible.urdf
-- Up-to-date: /home/aizzat2204/ros2_class_ws/src/urdf_class_draizzat/install/urdf_class_draizzat/share/urdf_class_draizzat/urdf/08-macroed.urdf.xacro
-- Up-to-date: /home/aizzat2204/ros2_class_ws/src/urdf_class_draizzat/install/urdf_class_draizzat/share/urdf_class_draizzat/urdf/09-afiqah_humanmodel.xacro
-- Up-to-date: /home/aizzat2204/ros2_class_ws/src/urdf_class_draizzat/install/urdf_class_draizzat/share/urdf_class_draizzat/meshes
-- Up-to-date: /home/aizzat2204/ros2_class_ws/src/urdf_class_draizzat/install/urdf_class_draizzat/share/urdf_class_draizzat/meshes/l_finger_tip_color.png
-- Up-to-date: /home/aizzat2204/ros2_class_ws/src/urdf_class_draizzat/install/urdf_class_draizzat/share/urdf_class_draizzat/meshes/l_finger_tip.dae
-- Up-to-date: /home/aizzat2204/ros2_class_ws/src/urdf_class_draizzat/install/urdf_class_draizzat/share/urdf_class_draizzat/meshes/l_finger_color.png
-- Up-to-date: /home/aizzat2204/ros2_class_ws/src/urdf_class_draizzat/install/urdf_class_draizzat/share/urdf_class_draizzat/meshes/l_finger.dae
-- Up-to-date: /home/aizzat2204/ros2_class_ws/src/urdf_class_draizzat/install/urdf_class_draizzat/share/urdf_class_draizzat/images
-- Up-to-date: /home/aizzat2204/ros2_class_ws/src/urdf_class_draizzat/install/urdf_class_draizzat/share/urdf_class_draizzat/images/materials.png
-- Up-to-date: /home/aizzat2204/ros2_class_ws/src/urdf_class_draizzat/install/urdf_class_draizzat/share/urdf_class_draizzat/images/origins.png
-- Up-to-date: /home/aizzat2204/ros2_class_ws/src/urdf_class_draizzat/install/urdf_class_draizzat/share/urdf_class_draizzat/images/visual.png
-- Up-to-date: /home/aizzat2204/ros2_class_ws/src/urdf_class_draizzat/install/urdf_class_draizzat/share/urdf_class_draizzat/images/flexible.png
-- Up-to-date: /home/aizzat2204/ros2_class_ws/src/urdf_class_draizzat/install/urdf_class_draizzat/share/urdf_class_draizzat/images/multipleshapes.png
-- Up-to-date: /home/aizzat2204/ros2_class_ws/src/urdf_class_draizzat/install/urdf_class_draizzat/share/urdf_class_draizzat/images/myfirst.png
