[0.091s] Invoking command in '/home/aizzat2204/ros2_class_ws/src/urdf_class_draizzat/build/urdf_class_draizzat': CMAKE_PREFIX_PATH=${CMAKE_PREFIX_PATH}:/home/aizzat2204/turtlebot3_ws/install/turtlebot3_teleop:/home/aizzat2204/turtlebot3_ws/install/turtlebot3_example:/opt/ros/humble /usr/bin/cmake --build /home/aizzat2204/ros2_class_ws/src/urdf_class_draizzat/build/urdf_class_draizzat -- -j12 -l12
[0.124s] Invoked command in '/home/aizzat2204/ros2_class_ws/src/urdf_class_draizzat/build/urdf_class_draizzat' returned '0': CMAKE_PREFIX_PATH=${CMAKE_PREFIX_PATH}:/home/aizzat2204/turtlebot3_ws/install/turtlebot3_teleop:/home/aizzat2204/turtlebot3_ws/install/turtlebot3_example:/opt/ros/humble /usr/bin/cmake --build /home/aizzat2204/ros2_class_ws/src/urdf_class_draizzat/build/urdf_class_draizzat -- -j12 -l12
[0.159s] Invoking command in '/home/aizzat2204/ros2_class_ws/src/urdf_class_draizzat/build/urdf_class_draizzat': CMAKE_PREFIX_PATH=${CMAKE_PREFIX_PATH}:/home/aizzat2204/turtlebot3_ws/install/turtlebot3_teleop:/home/aizzat2204/turtlebot3_ws/install/turtlebot3_example:/opt/ros/humble /usr/bin/cmake --install /home/aizzat2204/ros2_class_ws/src/urdf_class_draizzat/build/urdf_class_draizzat
[0.167s] -- Install configuration: ""
[0.167s] -- Up-to-date: /home/aizzat2204/ros2_class_ws/src/urdf_class_draizzat/install/urdf_class_draizzat/share/ament_index/resource_index/package_run_dependencies/urdf_class_draizzat
[0.167s] -- Up-to-date: /home/aizzat2204/ros2_class_ws/src/urdf_class_draizzat/install/urdf_class_draizzat/share/ament_index/resource_index/parent_prefix_path/urdf_class_draizzat
[0.168s] -- Up-to-date: /home/aizzat2204/ros2_class_ws/src/urdf_class_draizzat/install/urdf_class_draizzat/share/urdf_class_draizzat/environment/ament_prefix_path.sh
[0.168s] -- Up-to-date: /home/aizzat2204/ros2_class_ws/src/urdf_class_draizzat/install/urdf_class_draizzat/share/urdf_class_draizzat/environment/ament_prefix_path.dsv
[0.168s] -- Up-to-date: /home/aizzat2204/ros2_class_ws/src/urdf_class_draizzat/install/urdf_class_draizzat/share/urdf_class_draizzat/environment/path.sh
[0.168s] -- Up-to-date: /home/aizzat2204/ros2_class_ws/src/urdf_class_draizzat/install/urdf_class_draizzat/share/urdf_class_draizzat/environment/path.dsv
[0.168s] -- Up-to-date: /home/aizzat2204/ros2_class_ws/src/urdf_class_draizzat/install/urdf_class_draizzat/share/urdf_class_draizzat/local_setup.bash
[0.168s] -- Up-to-date: /home/aizzat2204/ros2_class_ws/src/urdf_class_draizzat/install/urdf_class_draizzat/share/urdf_class_draizzat/local_setup.sh
[0.168s] -- Up-to-date: /home/aizzat2204/ros2_class_ws/src/urdf_class_draizzat/install/urdf_class_draizzat/share/urdf_class_draizzat/local_setup.zsh
[0.168s] -- Up-to-date: /home/aizzat2204/ros2_class_ws/src/urdf_class_draizzat/install/urdf_class_draizzat/share/urdf_class_draizzat/local_setup.dsv
[0.168s] -- Up-to-date: /home/aizzat2204/ros2_class_ws/src/urdf_class_draizzat/install/urdf_class_draizzat/share/urdf_class_draizzat/package.dsv
[0.168s] -- Up-to-date: /home/aizzat2204/ros2_class_ws/src/urdf_class_draizzat/install/urdf_class_draizzat/share/ament_index/resource_index/packages/urdf_class_draizzat
[0.169s] -- Up-to-date: /home/aizzat2204/ros2_class_ws/src/urdf_class_draizzat/install/urdf_class_draizzat/share/urdf_class_draizzat/cmake/urdf_class_draizzatConfig.cmake
[0.169s] -- Up-to-date: /home/aizzat2204/ros2_class_ws/src/urdf_class_draizzat/install/urdf_class_draizzat/share/urdf_class_draizzat/cmake/urdf_class_draizzatConfig-version.cmake
[0.169s] -- Up-to-date: /home/aizzat2204/ros2_class_ws/src/urdf_class_draizzat/install/urdf_class_draizzat/share/urdf_class_draizzat/package.xml
[0.169s] -- Up-to-date: /home/aizzat2204/ros2_class_ws/src/urdf_class_draizzat/install/urdf_class_draizzat/share/urdf_class_draizzat/launch
[0.169s] -- Up-to-date: /home/aizzat2204/ros2_class_ws/src/urdf_class_draizzat/install/urdf_class_draizzat/share/urdf_class_draizzat/launch/rviz.gazebo.launch.py
[0.169s] -- Up-to-date: /home/aizzat2204/ros2_class_ws/src/urdf_class_draizzat/install/urdf_class_draizzat/share/urdf_class_draizzat/launch/__pycache__
[0.169s] -- Up-to-date: /home/aizzat2204/ros2_class_ws/src/urdf_class_draizzat/install/urdf_class_draizzat/share/urdf_class_draizzat/launch/__pycache__/display.launch.cpython-310.pyc
[0.169s] -- Up-to-date: /home/aizzat2204/ros2_class_ws/src/urdf_class_draizzat/install/urdf_class_draizzat/share/urdf_class_draizzat/launch/display.launch.py
[0.169s] -- Up-to-date: /home/aizzat2204/ros2_class_ws/src/urdf_class_draizzat/install/urdf_class_draizzat/share/urdf_class_draizzat/rviz
[0.169s] -- Up-to-date: /home/aizzat2204/ros2_class_ws/src/urdf_class_draizzat/install/urdf_class_draizzat/share/urdf_class_draizzat/rviz/urdf.rviz
[0.169s] -- Up-to-date: /home/aizzat2204/ros2_class_ws/src/urdf_class_draizzat/install/urdf_class_draizzat/share/urdf_class_draizzat/urdf
[0.170s] -- Up-to-date: /home/aizzat2204/ros2_class_ws/src/urdf_class_draizzat/install/urdf_class_draizzat/share/urdf_class_draizzat/urdf/07-physics.urdf
[0.170s] -- Up-to-date: /home/aizzat2204/ros2_class_ws/src/urdf_class_draizzat/install/urdf_class_draizzat/share/urdf_class_draizzat/urdf/02-multipleshapes.urdf
[0.170s] -- Up-to-date: /home/aizzat2204/ros2_class_ws/src/urdf_class_draizzat/install/urdf_class_draizzat/share/urdf_class_draizzat/urdf/04-materials.urdf
[0.170s] -- Up-to-date: /home/aizzat2204/ros2_class_ws/src/urdf_class_draizzat/install/urdf_class_draizzat/share/urdf_class_draizzat/urdf/01-myfirst.urdf
[0.170s] -- Up-to-date: /home/aizzat2204/ros2_class_ws/src/urdf_class_draizzat/install/urdf_class_draizzat/share/urdf_class_draizzat/urdf/05-visual.urdf
[0.170s] -- Up-to-date: /home/aizzat2204/ros2_class_ws/src/urdf_class_draizzat/install/urdf_class_draizzat/share/urdf_class_draizzat/urdf/03-origins.urdf
[0.170s] -- Up-to-date: /home/aizzat2204/ros2_class_ws/src/urdf_class_draizzat/install/urdf_class_draizzat/share/urdf_class_draizzat/urdf/06-flexible.urdf
[0.170s] -- Up-to-date: /home/aizzat2204/ros2_class_ws/src/urdf_class_draizzat/install/urdf_class_draizzat/share/urdf_class_draizzat/urdf/08-macroed.urdf.xacro
[0.170s] -- Up-to-date: /home/aizzat2204/ros2_class_ws/src/urdf_class_draizzat/install/urdf_class_draizzat/share/urdf_class_draizzat/urdf/09-afiqah_humanmodel.xacro
[0.170s] -- Up-to-date: /home/aizzat2204/ros2_class_ws/src/urdf_class_draizzat/install/urdf_class_draizzat/share/urdf_class_draizzat/meshes
[0.170s] -- Up-to-date: /home/aizzat2204/ros2_class_ws/src/urdf_class_draizzat/install/urdf_class_draizzat/share/urdf_class_draizzat/meshes/l_finger_tip_color.png
[0.170s] -- Up-to-date: /home/aizzat2204/ros2_class_ws/src/urdf_class_draizzat/install/urdf_class_draizzat/share/urdf_class_draizzat/meshes/l_finger_tip.dae
[0.171s] -- Up-to-date: /home/aizzat2204/ros2_class_ws/src/urdf_class_draizzat/install/urdf_class_draizzat/share/urdf_class_draizzat/meshes/l_finger_color.png
[0.171s] -- Up-to-date: /home/aizzat2204/ros2_class_ws/src/urdf_class_draizzat/install/urdf_class_draizzat/share/urdf_class_draizzat/meshes/l_finger.dae
[0.171s] -- Up-to-date: /home/aizzat2204/ros2_class_ws/src/urdf_class_draizzat/install/urdf_class_draizzat/share/urdf_class_draizzat/images
[0.171s] -- Up-to-date: /home/aizzat2204/ros2_class_ws/src/urdf_class_draizzat/install/urdf_class_draizzat/share/urdf_class_draizzat/images/materials.png
[0.171s] -- Up-to-date: /home/aizzat2204/ros2_class_ws/src/urdf_class_draizzat/install/urdf_class_draizzat/share/urdf_class_draizzat/images/origins.png
[0.171s] -- Up-to-date: /home/aizzat2204/ros2_class_ws/src/urdf_class_draizzat/install/urdf_class_draizzat/share/urdf_class_draizzat/images/visual.png
[0.171s] -- Up-to-date: /home/aizzat2204/ros2_class_ws/src/urdf_class_draizzat/install/urdf_class_draizzat/share/urdf_class_draizzat/images/flexible.png
[0.171s] -- Up-to-date: /home/aizzat2204/ros2_class_ws/src/urdf_class_draizzat/install/urdf_class_draizzat/share/urdf_class_draizzat/images/multipleshapes.png
[0.171s] -- Up-to-date: /home/aizzat2204/ros2_class_ws/src/urdf_class_draizzat/install/urdf_class_draizzat/share/urdf_class_draizzat/images/myfirst.png
[0.171s] Invoked command in '/home/aizzat2204/ros2_class_ws/src/urdf_class_draizzat/build/urdf_class_draizzat' returned '0': CMAKE_PREFIX_PATH=${CMAKE_PREFIX_PATH}:/home/aizzat2204/turtlebot3_ws/install/turtlebot3_teleop:/home/aizzat2204/turtlebot3_ws/install/turtlebot3_example:/opt/ros/humble /usr/bin/cmake --install /home/aizzat2204/ros2_class_ws/src/urdf_class_draizzat/build/urdf_class_draizzat
